2026-06-13T21:02:08Z INF Thank you for trying Cloudflare Tunnel. Doing so, without a Cloudflare account, is a quick way to experiment and try it out. However, be aware that these account-less Tunnels have no uptime guarantee, are subject to the Cloudflare Online Services Terms of Use (https://www.cloudflare.com/website-terms/), and Cloudflare reserves the right to investigate your use of Tunnels for violations of such terms. If you intend to use Tunnels in production you should use a pre-created named tunnel by following: https://developers.cloudflare.com/cloudflare-one/connections/connect-apps
2026-06-13T21:02:08Z INF Requesting new quick Tunnel on trycloudflare.com...
2026-06-13T21:02:12Z INF +--------------------------------------------------------------------------------------------+
2026-06-13T21:02:12Z INF |  Your quick Tunnel has been created! Visit it at (it may take some time to be reachable):  |
2026-06-13T21:02:12Z INF |  https://located-vision-bytes-brother.trycloudflare.com                                    |
2026-06-13T21:02:12Z INF +--------------------------------------------------------------------------------------------+
2026-06-13T21:02:12Z INF Cannot determine default configuration path. No file [config.yml config.yaml] in [~/.cloudflared ~/.cloudflare-warp ~/cloudflare-warp /etc/cloudflared /usr/local/etc/cloudflared]
2026-06-13T21:02:12Z INF Version 2026.6.0 (Checksum 08d27c4c5d3ed73ee3e98ef2ddceb4ad09fd4cfc28e243565a189538e8ccd706)
2026-06-13T21:02:12Z INF GOOS: linux, GOVersion: go1.26.4, GoArch: amd64
2026-06-13T21:02:12Z INF Settings: map[ha-connections:1 no-autoupdate:true protocol:quic url:http://127.0.0.1:9000]
2026-06-13T21:02:12Z INF Generated Connector ID: 611eb974-f0ac-4b81-9ef9-63d119737ce2
2026-06-13T21:02:12Z INF Initial protocol quic
2026-06-13T21:02:12Z INF ICMP proxy will use 172.19.2.2 as source for IPv4
2026-06-13T21:02:12Z INF ICMP proxy will use ::1 in zone lo as source for IPv6
2026/06/13 21:02:12 failed to sufficiently increase receive buffer size (was: 208 kiB, wanted: 7168 kiB, got: 416 kiB). See https://github.com/quic-go/quic-go/wiki/UDP-Buffer-Sizes for details.
2026-06-13T21:02:12Z INF ICMP proxy will use 172.19.2.2 as source for IPv4
2026-06-13T21:02:12Z INF ICMP proxy will use ::1 in zone lo as source for IPv6
2026-06-13T21:02:12Z INF Starting metrics server on 127.0.0.1:20241/metrics
2026-06-13T21:02:12Z INF Tunnel connection curve preferences: [X25519MLKEM768 CurveID(65074) CurveP256] connIndex=0 event=0 ip=198.41.192.107
2026-06-13T21:02:12Z INF Registered tunnel connection connIndex=0 connection=6e544eee-0e54-48a0-b70d-b7656caca44d event=0 ip=198.41.192.107 location=atl12 protocol=quic
2026-06-13T21:02:18Z INF +-------------------------------------------------------------------------------------+
2026-06-13T21:02:18Z INF |                               CONNECTIVITY PRE-CHECKS                               |
2026-06-13T21:02:18Z INF +-------------------------------------------------------------------------------------+
2026-06-13T21:02:18Z INF |  COMPONENT         TARGET                     STATUS  DETAILS                       |
2026-06-13T21:02:18Z INF |  DNS Resolution    region1.v2.argotunnel.com  PASS    DNS Resolved successfully     |
2026-06-13T21:02:18Z INF |  DNS Resolution    region2.v2.argotunnel.com  PASS    DNS Resolved successfully     |
2026-06-13T21:02:18Z INF |  UDP Connectivity  region1.v2.argotunnel.com  PASS    QUIC connection successful    |
2026-06-13T21:02:18Z INF |  UDP Connectivity  region2.v2.argotunnel.com  PASS    QUIC connection successful    |
2026-06-13T21:02:18Z INF |  TCP Connectivity  region1.v2.argotunnel.com  PASS    HTTP/2 connection successful  |
2026-06-13T21:02:18Z INF |  TCP Connectivity  region2.v2.argotunnel.com  PASS    HTTP/2 connection successful  |
2026-06-13T21:02:18Z INF |  Cloudflare API    api.cloudflare.com:443     PASS    API is reachable              |
2026-06-13T21:02:18Z INF |                                                                                     |
2026-06-13T21:02:18Z INF |  SUMMARY: Environment is healthy. cloudflared will use 'quic' as primary protocol.  |
2026-06-13T21:02:18Z INF +-------------------------------------------------------------------------------------+
2026-06-13T21:02:18Z INF precheck component="DNS Resolution" details="DNS Resolved successfully" run_id=f4b2c94f-1577-4e2f-9a80-431a252b4363 status=pass target=region1.v2.argotunnel.com
2026-06-13T21:02:18Z INF precheck component="DNS Resolution" details="DNS Resolved successfully" run_id=f4b2c94f-1577-4e2f-9a80-431a252b4363 status=pass target=region2.v2.argotunnel.com
2026-06-13T21:02:18Z INF precheck component="UDP Connectivity" details="QUIC connection successful" run_id=f4b2c94f-1577-4e2f-9a80-431a252b4363 status=pass target=region1.v2.argotunnel.com
2026-06-13T21:02:18Z INF precheck component="UDP Connectivity" details="QUIC connection successful" run_id=f4b2c94f-1577-4e2f-9a80-431a252b4363 status=pass target=region2.v2.argotunnel.com
2026-06-13T21:02:18Z INF precheck component="TCP Connectivity" details="HTTP/2 connection successful" run_id=f4b2c94f-1577-4e2f-9a80-431a252b4363 status=pass target=region1.v2.argotunnel.com
2026-06-13T21:02:18Z INF precheck component="TCP Connectivity" details="HTTP/2 connection successful" run_id=f4b2c94f-1577-4e2f-9a80-431a252b4363 status=pass target=region2.v2.argotunnel.com
2026-06-13T21:02:18Z INF precheck component="Cloudflare API" details="API is reachable" run_id=f4b2c94f-1577-4e2f-9a80-431a252b4363 status=pass target=api.cloudflare.com:443
2026-06-13T21:02:18Z INF precheck complete hard_fail=false run_id=f4b2c94f-1577-4e2f-9a80-431a252b4363 suggested_protocol=quic
