2026-06-13T22:17:01Z INF Thank you for trying Cloudflare Tunnel. Doing so, without a Cloudflare account, is a quick way to experiment and try it out. However, be aware that these account-less Tunnels have no uptime guarantee, are subject to the Cloudflare Online Services Terms of Use (https://www.cloudflare.com/website-terms/), and Cloudflare reserves the right to investigate your use of Tunnels for violations of such terms. If you intend to use Tunnels in production you should use a pre-created named tunnel by following: https://developers.cloudflare.com/cloudflare-one/connections/connect-apps
2026-06-13T22:17:01Z INF Requesting new quick Tunnel on trycloudflare.com...
2026-06-13T22:17:04Z INF +--------------------------------------------------------------------------------------------+
2026-06-13T22:17:04Z INF |  Your quick Tunnel has been created! Visit it at (it may take some time to be reachable):  |
2026-06-13T22:17:04Z INF |  https://medicines-studies-heater-infant.trycloudflare.com                                 |
2026-06-13T22:17:04Z INF +--------------------------------------------------------------------------------------------+
2026-06-13T22:17:04Z INF Cannot determine default configuration path. No file [config.yml config.yaml] in [~/.cloudflared ~/.cloudflare-warp ~/cloudflare-warp /etc/cloudflared /usr/local/etc/cloudflared]
2026-06-13T22:17:04Z INF Version 2026.6.0 (Checksum 08d27c4c5d3ed73ee3e98ef2ddceb4ad09fd4cfc28e243565a189538e8ccd706)
2026-06-13T22:17:04Z INF GOOS: linux, GOVersion: go1.26.4, GoArch: amd64
2026-06-13T22:17:04Z INF Settings: map[ha-connections:1 no-autoupdate:true protocol:quic url:http://127.0.0.1:9000]
2026-06-13T22:17:04Z INF Generated Connector ID: 2035dd4e-a0f5-4959-be76-6eb26edaacc8
2026-06-13T22:17:04Z INF Initial protocol quic
2026-06-13T22:17:04Z INF ICMP proxy will use 172.19.2.2 as source for IPv4
2026-06-13T22:17:04Z INF ICMP proxy will use ::1 in zone lo as source for IPv6
2026/06/13 22:17:04 failed to sufficiently increase receive buffer size (was: 208 kiB, wanted: 7168 kiB, got: 416 kiB). See https://github.com/quic-go/quic-go/wiki/UDP-Buffer-Sizes for details.
2026-06-13T22:17:04Z INF ICMP proxy will use 172.19.2.2 as source for IPv4
2026-06-13T22:17:04Z INF ICMP proxy will use ::1 in zone lo as source for IPv6
2026-06-13T22:17:04Z INF Starting metrics server on 127.0.0.1:20241/metrics
2026-06-13T22:17:04Z INF Tunnel connection curve preferences: [X25519MLKEM768 CurveID(65074) CurveP256] connIndex=0 event=0 ip=198.41.200.193
2026-06-13T22:17:05Z INF Registered tunnel connection connIndex=0 connection=e728439a-cc52-40fe-9e09-fa15cf33a7d4 event=0 ip=198.41.200.193 location=iad14 protocol=quic
2026-06-13T22:17:10Z INF +-------------------------------------------------------------------------------------+
2026-06-13T22:17:10Z INF |                               CONNECTIVITY PRE-CHECKS                               |
2026-06-13T22:17:10Z INF +-------------------------------------------------------------------------------------+
2026-06-13T22:17:10Z INF |  COMPONENT         TARGET                     STATUS  DETAILS                       |
2026-06-13T22:17:10Z INF |  DNS Resolution    region1.v2.argotunnel.com  PASS    DNS Resolved successfully     |
2026-06-13T22:17:10Z INF |  DNS Resolution    region2.v2.argotunnel.com  PASS    DNS Resolved successfully     |
2026-06-13T22:17:10Z INF |  UDP Connectivity  region1.v2.argotunnel.com  PASS    QUIC connection successful    |
2026-06-13T22:17:10Z INF |  UDP Connectivity  region2.v2.argotunnel.com  PASS    QUIC connection successful    |
2026-06-13T22:17:10Z INF |  TCP Connectivity  region1.v2.argotunnel.com  PASS    HTTP/2 connection successful  |
2026-06-13T22:17:10Z INF |  TCP Connectivity  region2.v2.argotunnel.com  PASS    HTTP/2 connection successful  |
2026-06-13T22:17:10Z INF |  Cloudflare API    api.cloudflare.com:443     PASS    API is reachable              |
2026-06-13T22:17:10Z INF |                                                                                     |
2026-06-13T22:17:10Z INF |  SUMMARY: Environment is healthy. cloudflared will use 'quic' as primary protocol.  |
2026-06-13T22:17:10Z INF +-------------------------------------------------------------------------------------+
2026-06-13T22:17:10Z INF precheck component="DNS Resolution" details="DNS Resolved successfully" run_id=9df70448-2a5f-4bf3-a608-73aef2cd275f status=pass target=region1.v2.argotunnel.com
2026-06-13T22:17:10Z INF precheck component="DNS Resolution" details="DNS Resolved successfully" run_id=9df70448-2a5f-4bf3-a608-73aef2cd275f status=pass target=region2.v2.argotunnel.com
2026-06-13T22:17:10Z INF precheck component="UDP Connectivity" details="QUIC connection successful" run_id=9df70448-2a5f-4bf3-a608-73aef2cd275f status=pass target=region1.v2.argotunnel.com
2026-06-13T22:17:10Z INF precheck component="UDP Connectivity" details="QUIC connection successful" run_id=9df70448-2a5f-4bf3-a608-73aef2cd275f status=pass target=region2.v2.argotunnel.com
2026-06-13T22:17:10Z INF precheck component="TCP Connectivity" details="HTTP/2 connection successful" run_id=9df70448-2a5f-4bf3-a608-73aef2cd275f status=pass target=region1.v2.argotunnel.com
2026-06-13T22:17:10Z INF precheck component="TCP Connectivity" details="HTTP/2 connection successful" run_id=9df70448-2a5f-4bf3-a608-73aef2cd275f status=pass target=region2.v2.argotunnel.com
2026-06-13T22:17:10Z INF precheck component="Cloudflare API" details="API is reachable" run_id=9df70448-2a5f-4bf3-a608-73aef2cd275f status=pass target=api.cloudflare.com:443
2026-06-13T22:17:10Z INF precheck complete hard_fail=false run_id=9df70448-2a5f-4bf3-a608-73aef2cd275f suggested_protocol=quic
